{"C:\\Users\\falca\\OneDrive\\Área de Trabalho\\C-A\\back-end\\config\\nodemailer_config.js": {"path":"C:\\Users\\falca\\OneDrive\\Área de Trabalho\\C-A\\back-end\\config\\nodemailer_config.js","statementMap":{"0":{"start":{"line":1,"column":19},"end":{"line":1,"column":40}},"1":{"start":{"line":3,"column":20},"end":{"line":9,"column":2}},"2":{"start":{"line":11,"column":0},"end":{"line":11,"column":29}}},"fnMap":{},"branchMap":{},"s":{"0":1,"1":1,"2":1},"f":{},"b":{},"_coverageSchema":"1a1c01bbd47fc00a2c39e90264f33305004495a9","hash":"daac3667f42af8025240d13941a3ccc8db598e93"}
,"C:\\Users\\falca\\OneDrive\\Área de Trabalho\\C-A\\back-end\\controllers\\autenticacao_controle.js": {"path":"C:\\Users\\falca\\OneDrive\\Área de Trabalho\\C-A\\back-end\\controllers\\autenticacao_controle.js","statementMap":{"0":{"start":{"line":1,"column":15},"end":{"line":1,"column":32}},"1":{"start":{"line":5,"column":29},"end":{"line":5,"column":37}},"2":{"start":{"line":7,"column":4},"end":{"line":9,"column":5}},"3":{"start":{"line":8,"column":8},"end":{"line":8,"column":105}},"4":{"start":{"line":11,"column":4},"end":{"line":40,"column":5}},"5":{"start":{"line":12,"column":28},"end":{"line":12,"column":80}},"6":{"start":{"line":14,"column":32},"end":{"line":18,"column":9}},"7":{"start":{"line":20,"column":23},"end":{"line":23,"column":35}},"8":{"start":{"line":25,"column":8},"end":{"line":37,"column":9}},"9":{"start":{"line":26,"column":25},"end":{"line":26,"column":44}},"10":{"start":{"line":29,"column":12},"end":{"line":29,"column":30}},"11":{"start":{"line":32,"column":26},"end":{"line":32,"column":68}},"12":{"start":{"line":34,"column":12},"end":{"line":34,"column":60}},"13":{"start":{"line":36,"column":12},"end":{"line":36,"column":81}},"14":{"start":{"line":39,"column":8},"end":{"line":39,"column":79}},"15":{"start":{"line":45,"column":4},"end":{"line":67,"column":5}},"16":{"start":{"line":47,"column":22},"end":{"line":57,"column":9}},"17":{"start":{"line":59,"column":23},"end":{"line":61,"column":25}},"18":{"start":{"line":63,"column":8},"end":{"line":63,"column":32}},"19":{"start":{"line":65,"column":8},"end":{"line":65,"column":52}},"20":{"start":{"line":66,"column":8},"end":{"line":66,"column":18}},"21":{"start":{"line":73,"column":28},"end":{"line":73,"column":38}},"22":{"start":{"line":75,"column":4},"end":{"line":77,"column":5}},"23":{"start":{"line":76,"column":8},"end":{"line":76,"column":87}},"24":{"start":{"line":79,"column":4},"end":{"line":104,"column":5}},"25":{"start":{"line":80,"column":29},"end":{"line":84,"column":9}},"26":{"start":{"line":86,"column":27},"end":{"line":88,"column":32}},"27":{"start":{"line":90,"column":8},"end":{"line":100,"column":9}},"28":{"start":{"line":91,"column":25},"end":{"line":91,"column":48}},"29":{"start":{"line":94,"column":26},"end":{"line":94,"column":68}},"30":{"start":{"line":97,"column":12},"end":{"line":97,"column":60}},"31":{"start":{"line":99,"column":12},"end":{"line":99,"column":81}},"32":{"start":{"line":102,"column":8},"end":{"line":102,"column":68}},"33":{"start":{"line":103,"column":8},"end":{"line":103,"column":79}},"34":{"start":{"line":107,"column":0},"end":{"line":111,"column":2}}},"fnMap":{"0":{"name":"verificarLogin","decl":{"start":{"line":4,"column":15},"end":{"line":4,"column":29}},"loc":{"start":{"line":4,"column":40},"end":{"line":41,"column":1}},"line":4},"1":{"name":"buscarFasesUsuario","decl":{"start":{"line":44,"column":15},"end":{"line":44,"column":33}},"loc":{"start":{"line":44,"column":47},"end":{"line":68,"column":1}},"line":44},"2":{"name":"obterInformacoesUsuario","decl":{"start":{"line":72,"column":15},"end":{"line":72,"column":38}},"loc":{"start":{"line":72,"column":49},"end":{"line":105,"column":1}},"line":72}},"branchMap":{"0":{"loc":{"start":{"line":7,"column":4},"end":{"line":9,"column":5}},"type":"if","locations":[{"start":{"line":7,"column":4},"end":{"line":9,"column":5}},{"start":{},"end":{}}],"line":7},"1":{"loc":{"start":{"line":7,"column":8},"end":{"line":7,"column":24}},"type":"binary-expr","locations":[{"start":{"line":7,"column":8},"end":{"line":7,"column":14}},{"start":{"line":7,"column":18},"end":{"line":7,"column":24}}],"line":7},"2":{"loc":{"start":{"line":25,"column":8},"end":{"line":37,"column":9}},"type":"if","locations":[{"start":{"line":25,"column":8},"end":{"line":37,"column":9}},{"start":{"line":35,"column":15},"end":{"line":37,"column":9}}],"line":25},"3":{"loc":{"start":{"line":75,"column":4},"end":{"line":77,"column":5}},"type":"if","locations":[{"start":{"line":75,"column":4},"end":{"line":77,"column":5}},{"start":{},"end":{}}],"line":75},"4":{"loc":{"start":{"line":90,"column":8},"end":{"line":100,"column":9}},"type":"if","locations":[{"start":{"line":90,"column":8},"end":{"line":100,"column":9}},{"start":{"line":98,"column":15},"end":{"line":100,"column":9}}],"line":90}},"s":{"0":2,"1":8,"2":8,"3":2,"4":6,"5":6,"6":6,"7":6,"8":4,"9":2,"10":2,"11":2,"12":2,"13":2,"14":2,"15":5,"16":5,"17":5,"18":4,"19":1,"20":1,"21":4,"22":4,"23":1,"24":3,"25":3,"26":3,"27":2,"28":1,"29":1,"30":1,"31":1,"32":1,"33":1,"34":2},"f":{"0":8,"1":5,"2":4},"b":{"0":[2,6],"1":[8,7],"2":[2,2],"3":[1,3],"4":[1,1]},"_coverageSchema":"1a1c01bbd47fc00a2c39e90264f33305004495a9","hash":"1af70da77c3b6945d120b9d1a62e15bacf07a47e"}
,"C:\\Users\\falca\\OneDrive\\Área de Trabalho\\C-A\\back-end\\controllers\\completar_fase.js": {"path":"C:\\Users\\falca\\OneDrive\\Área de Trabalho\\C-A\\back-end\\controllers\\completar_fase.js","statementMap":{"0":{"start":{"line":1,"column":11},"end":{"line":1,"column":36}},"1":{"start":{"line":5,"column":37},"end":{"line":5,"column":45}},"2":{"start":{"line":7,"column":4},"end":{"line":44,"column":5}},"3":{"start":{"line":9,"column":8},"end":{"line":11,"column":9}},"4":{"start":{"line":10,"column":12},"end":{"line":10,"column":103}},"5":{"start":{"line":14,"column":24},"end":{"line":14,"column":55}},"6":{"start":{"line":15,"column":8},"end":{"line":15,"column":62}},"7":{"start":{"line":16,"column":8},"end":{"line":16,"column":54}},"8":{"start":{"line":19,"column":27},"end":{"line":21,"column":9}},"9":{"start":{"line":24,"column":21},"end":{"line":24,"column":85}},"10":{"start":{"line":25,"column":8},"end":{"line":27,"column":9}},"11":{"start":{"line":26,"column":12},"end":{"line":26,"column":109}},"12":{"start":{"line":30,"column":8},"end":{"line":32,"column":9}},"13":{"start":{"line":31,"column":12},"end":{"line":31,"column":94}},"14":{"start":{"line":35,"column":8},"end":{"line":37,"column":10}},"15":{"start":{"line":39,"column":8},"end":{"line":39,"column":81}},"16":{"start":{"line":42,"column":8},"end":{"line":42,"column":29}},"17":{"start":{"line":43,"column":8},"end":{"line":43,"column":76}},"18":{"start":{"line":47,"column":0},"end":{"line":47,"column":35}}},"fnMap":{"0":{"name":"completarFase","decl":{"start":{"line":4,"column":15},"end":{"line":4,"column":28}},"loc":{"start":{"line":4,"column":39},"end":{"line":45,"column":1}},"line":4}},"branchMap":{"0":{"loc":{"start":{"line":9,"column":8},"end":{"line":11,"column":9}},"type":"if","locations":[{"start":{"line":9,"column":8},"end":{"line":11,"column":9}},{"start":{},"end":{}}],"line":9},"1":{"loc":{"start":{"line":9,"column":12},"end":{"line":9,"column":50}},"type":"binary-expr","locations":[{"start":{"line":9,"column":12},"end":{"line":9,"column":24}},{"start":{"line":9,"column":28},"end":{"line":9,"column":50}}],"line":9},"2":{"loc":{"start":{"line":24,"column":21},"end":{"line":24,"column":85}},"type":"cond-expr","locations":[{"start":{"line":24,"column":55},"end":{"line":24,"column":78}},{"start":{"line":24,"column":81},"end":{"line":24,"column":85}}],"line":24},"3":{"loc":{"start":{"line":25,"column":8},"end":{"line":27,"column":9}},"type":"if","locations":[{"start":{"line":25,"column":8},"end":{"line":27,"column":9}},{"start":{},"end":{}}],"line":25},"4":{"loc":{"start":{"line":30,"column":8},"end":{"line":32,"column":9}},"type":"if","locations":[{"start":{"line":30,"column":8},"end":{"line":32,"column":9}},{"start":{},"end":{}}],"line":30}},"s":{"0":2,"1":10,"2":10,"3":10,"4":2,"5":8,"6":8,"7":8,"8":8,"9":6,"10":6,"11":2,"12":4,"13":2,"14":2,"15":2,"16":2,"17":2,"18":2},"f":{"0":10},"b":{"0":[2,8],"1":[10,9],"2":[4,2],"3":[2,4],"4":[2,2]},"_coverageSchema":"1a1c01bbd47fc00a2c39e90264f33305004495a9","hash":"99f7aaa44994838138aceb9002adddf57b0ccd6c"}
,"C:\\Users\\falca\\OneDrive\\Área de Trabalho\\C-A\\back-end\\controllers\\email_controle.js": {"path":"C:\\Users\\falca\\OneDrive\\Área de Trabalho\\C-A\\back-end\\controllers\\email_controle.js","statementMap":{"0":{"start":{"line":1,"column":20},"end":{"line":1,"column":58}},"1":{"start":{"line":2,"column":20},"end":{"line":2,"column":52}},"2":{"start":{"line":4,"column":23},"end":{"line":4,"column":25}},"3":{"start":{"line":7,"column":20},"end":{"line":7,"column":28}},"4":{"start":{"line":8,"column":17},"end":{"line":8,"column":31}},"5":{"start":{"line":10,"column":2},"end":{"line":42,"column":3}},"6":{"start":{"line":12,"column":28},"end":{"line":12,"column":73}},"7":{"start":{"line":13,"column":24},"end":{"line":15,"column":29}},"8":{"start":{"line":17,"column":4},"end":{"line":19,"column":5}},"9":{"start":{"line":18,"column":6},"end":{"line":18,"column":87}},"10":{"start":{"line":21,"column":4},"end":{"line":36,"column":7}},"11":{"start":{"line":38,"column":4},"end":{"line":38,"column":30}},"12":{"start":{"line":39,"column":4},"end":{"line":39,"column":55}},"13":{"start":{"line":41,"column":4},"end":{"line":41,"column":67}},"14":{"start":{"line":46,"column":23},"end":{"line":46,"column":31}},"15":{"start":{"line":48,"column":2},"end":{"line":52,"column":3}},"16":{"start":{"line":49,"column":4},"end":{"line":49,"column":59}},"17":{"start":{"line":51,"column":4},"end":{"line":51,"column":62}},"18":{"start":{"line":56,"column":2},"end":{"line":56,"column":28}},"19":{"start":{"line":59,"column":0},"end":{"line":63,"column":2}}},"fnMap":{"0":{"name":"enviarEmail","decl":{"start":{"line":6,"column":15},"end":{"line":6,"column":26}},"loc":{"start":{"line":6,"column":37},"end":{"line":43,"column":1}},"line":6},"1":{"name":"verificarCodigo","decl":{"start":{"line":45,"column":15},"end":{"line":45,"column":30}},"loc":{"start":{"line":45,"column":41},"end":{"line":53,"column":1}},"line":45},"2":{"name":"setCodigoArmazenado","decl":{"start":{"line":55,"column":9},"end":{"line":55,"column":28}},"loc":{"start":{"line":55,"column":37},"end":{"line":57,"column":1}},"line":55}},"branchMap":{"0":{"loc":{"start":{"line":17,"column":4},"end":{"line":19,"column":5}},"type":"if","locations":[{"start":{"line":17,"column":4},"end":{"line":19,"column":5}},{"start":{},"end":{}}],"line":17},"1":{"loc":{"start":{"line":48,"column":2},"end":{"line":52,"column":3}},"type":"if","locations":[{"start":{"line":48,"column":2},"end":{"line":52,"column":3}},{"start":{"line":50,"column":9},"end":{"line":52,"column":3}}],"line":48}},"s":{"0":2,"1":2,"2":2,"3":6,"4":6,"5":6,"6":6,"7":6,"8":6,"9":2,"10":4,"11":2,"12":2,"13":2,"14":4,"15":4,"16":2,"17":2,"18":9,"19":2},"f":{"0":6,"1":4,"2":9},"b":{"0":[2,4],"1":[2,2]},"_coverageSchema":"1a1c01bbd47fc00a2c39e90264f33305004495a9","hash":"a284b880b9b8f9cae2cde21321ebb38883d1169f"}
,"C:\\Users\\falca\\OneDrive\\Área de Trabalho\\C-A\\back-end\\controllers\\user_controle.js": {"path":"C:\\Users\\falca\\OneDrive\\Área de Trabalho\\C-A\\back-end\\controllers\\user_controle.js","statementMap":{"0":{"start":{"line":1,"column":15},"end":{"line":1,"column":32}},"1":{"start":{"line":4,"column":33},"end":{"line":4,"column":41}},"2":{"start":{"line":6,"column":2},"end":{"line":32,"column":3}},"3":{"start":{"line":7,"column":30},"end":{"line":7,"column":73}},"4":{"start":{"line":8,"column":24},"end":{"line":10,"column":31}},"5":{"start":{"line":12,"column":4},"end":{"line":14,"column":5}},"6":{"start":{"line":13,"column":6},"end":{"line":13,"column":87}},"7":{"start":{"line":16,"column":24},"end":{"line":16,"column":76}},"8":{"start":{"line":18,"column":24},"end":{"line":21,"column":5}},"9":{"start":{"line":23,"column":4},"end":{"line":27,"column":26}},"10":{"start":{"line":29,"column":4},"end":{"line":29,"column":75}},"11":{"start":{"line":31,"column":4},"end":{"line":31,"column":87}},"12":{"start":{"line":36,"column":46},"end":{"line":36,"column":54}},"13":{"start":{"line":38,"column":2},"end":{"line":68,"column":3}},"14":{"start":{"line":39,"column":25},"end":{"line":39,"column":79}},"15":{"start":{"line":40,"column":24},"end":{"line":42,"column":26}},"16":{"start":{"line":44,"column":4},"end":{"line":46,"column":5}},"17":{"start":{"line":45,"column":6},"end":{"line":45,"column":86}},"18":{"start":{"line":48,"column":24},"end":{"line":48,"column":76}},"19":{"start":{"line":50,"column":24},"end":{"line":56,"column":5}},"20":{"start":{"line":58,"column":4},"end":{"line":63,"column":26}},"21":{"start":{"line":65,"column":4},"end":{"line":65,"column":75}},"22":{"start":{"line":67,"column":4},"end":{"line":67,"column":87}},"23":{"start":{"line":73,"column":22},"end":{"line":73,"column":42}},"24":{"start":{"line":75,"column":2},"end":{"line":87,"column":3}},"25":{"start":{"line":76,"column":24},"end":{"line":79,"column":5}},"26":{"start":{"line":81,"column":4},"end":{"line":82,"column":26}},"27":{"start":{"line":84,"column":4},"end":{"line":84,"column":69}},"28":{"start":{"line":86,"column":4},"end":{"line":86,"column":85}},"29":{"start":{"line":92,"column":20},"end":{"line":92,"column":28}},"30":{"start":{"line":94,"column":2},"end":{"line":110,"column":3}},"31":{"start":{"line":95,"column":24},"end":{"line":95,"column":76}},"32":{"start":{"line":97,"column":24},"end":{"line":97,"column":83}},"33":{"start":{"line":98,"column":19},"end":{"line":100,"column":25}},"34":{"start":{"line":102,"column":18},"end":{"line":102,"column":43}},"35":{"start":{"line":103,"column":4},"end":{"line":107,"column":5}},"36":{"start":{"line":104,"column":6},"end":{"line":104,"column":54}},"37":{"start":{"line":106,"column":6},"end":{"line":106,"column":62}},"38":{"start":{"line":109,"column":4},"end":{"line":109,"column":89}},"39":{"start":{"line":113,"column":0},"end":{"line":115,"column":2}}},"fnMap":{"0":{"name":"cadastrarUsuario","decl":{"start":{"line":3,"column":15},"end":{"line":3,"column":31}},"loc":{"start":{"line":3,"column":43},"end":{"line":33,"column":1}},"line":3},"1":{"name":"atualizarUsuario","decl":{"start":{"line":35,"column":15},"end":{"line":35,"column":31}},"loc":{"start":{"line":35,"column":43},"end":{"line":69,"column":1}},"line":35},"2":{"name":"excluirUsuario","decl":{"start":{"line":72,"column":15},"end":{"line":72,"column":29}},"loc":{"start":{"line":72,"column":42},"end":{"line":88,"column":1}},"line":72},"3":{"name":"verificarSenha","decl":{"start":{"line":91,"column":15},"end":{"line":91,"column":29}},"loc":{"start":{"line":91,"column":40},"end":{"line":111,"column":1}},"line":91}},"branchMap":{"0":{"loc":{"start":{"line":12,"column":4},"end":{"line":14,"column":5}},"type":"if","locations":[{"start":{"line":12,"column":4},"end":{"line":14,"column":5}},{"start":{},"end":{}}],"line":12},"1":{"loc":{"start":{"line":44,"column":4},"end":{"line":46,"column":5}},"type":"if","locations":[{"start":{"line":44,"column":4},"end":{"line":46,"column":5}},{"start":{},"end":{}}],"line":44},"2":{"loc":{"start":{"line":103,"column":4},"end":{"line":107,"column":5}},"type":"if","locations":[{"start":{"line":103,"column":4},"end":{"line":107,"column":5}},{"start":{"line":105,"column":11},"end":{"line":107,"column":5}}],"line":103}},"s":{"0":2,"1":6,"2":6,"3":6,"4":6,"5":4,"6":2,"7":2,"8":2,"9":2,"10":2,"11":2,"12":6,"13":6,"14":6,"15":6,"16":4,"17":2,"18":2,"19":2,"20":2,"21":2,"22":2,"23":4,"24":4,"25":4,"26":4,"27":2,"28":2,"29":6,"30":6,"31":6,"32":6,"33":6,"34":4,"35":4,"36":2,"37":2,"38":2,"39":2},"f":{"0":6,"1":6,"2":4,"3":6},"b":{"0":[2,2],"1":[2,2],"2":[2,2]},"_coverageSchema":"1a1c01bbd47fc00a2c39e90264f33305004495a9","hash":"00a7ba8612422318ad2677af33874e100d5a97c2"}
,"C:\\Users\\falca\\OneDrive\\Área de Trabalho\\C-A\\back-end\\db\\database.js": {"path":"C:\\Users\\falca\\OneDrive\\Área de Trabalho\\C-A\\back-end\\db\\database.js","statementMap":{"0":{"start":{"line":1,"column":12},"end":{"line":1,"column":28}},"1":{"start":{"line":3,"column":15},"end":{"line":16,"column":1}},"2":{"start":{"line":19,"column":4},"end":{"line":25,"column":5}},"3":{"start":{"line":20,"column":8},"end":{"line":20,"column":48}},"4":{"start":{"line":21,"column":8},"end":{"line":21,"column":51}},"5":{"start":{"line":23,"column":8},"end":{"line":23,"column":66}},"6":{"start":{"line":24,"column":8},"end":{"line":24,"column":18}},"7":{"start":{"line":28,"column":0},"end":{"line":31,"column":2}}},"fnMap":{"0":{"name":"connectDatabase","decl":{"start":{"line":18,"column":15},"end":{"line":18,"column":30}},"loc":{"start":{"line":18,"column":33},"end":{"line":26,"column":1}},"line":18}},"branchMap":{},"s":{"0":3,"1":3,"2":2,"3":2,"4":1,"5":1,"6":1,"7":3},"f":{"0":2},"b":{},"_coverageSchema":"1a1c01bbd47fc00a2c39e90264f33305004495a9","hash":"0db8db07b21e145c8f308cc3256b51a4542c5d90"}
,"C:\\Users\\falca\\OneDrive\\Área de Trabalho\\C-A\\back-end\\routes\\email_rota.js": {"path":"C:\\Users\\falca\\OneDrive\\Área de Trabalho\\C-A\\back-end\\routes\\email_rota.js","statementMap":{"0":{"start":{"line":1,"column":16},"end":{"line":1,"column":34}},"1":{"start":{"line":2,"column":15},"end":{"line":2,"column":31}},"2":{"start":{"line":3,"column":24},"end":{"line":3,"column":64}},"3":{"start":{"line":5,"column":0},"end":{"line":5,"column":52}},"4":{"start":{"line":6,"column":0},"end":{"line":6,"column":59}},"5":{"start":{"line":8,"column":0},"end":{"line":8,"column":24}}},"fnMap":{},"branchMap":{},"s":{"0":1,"1":1,"2":1,"3":1,"4":1,"5":1},"f":{},"b":{},"_coverageSchema":"1a1c01bbd47fc00a2c39e90264f33305004495a9","hash":"aeaf0c2964cd50d065aab0c4fcbc6a6650189480"}
,"C:\\Users\\falca\\OneDrive\\Área de Trabalho\\C-A\\back-end\\routes\\user_rota.js": {"path":"C:\\Users\\falca\\OneDrive\\Área de Trabalho\\C-A\\back-end\\routes\\user_rota.js","statementMap":{"0":{"start":{"line":1,"column":16},"end":{"line":1,"column":34}},"1":{"start":{"line":2,"column":15},"end":{"line":2,"column":31}},"2":{"start":{"line":3,"column":13},"end":{"line":3,"column":52}},"3":{"start":{"line":5,"column":0},"end":{"line":5,"column":49}},"4":{"start":{"line":6,"column":0},"end":{"line":6,"column":49}},"5":{"start":{"line":7,"column":0},"end":{"line":7,"column":45}},"6":{"start":{"line":8,"column":0},"end":{"line":8,"column":53}},"7":{"start":{"line":10,"column":0},"end":{"line":10,"column":24}}},"fnMap":{},"branchMap":{},"s":{"0":1,"1":1,"2":1,"3":1,"4":1,"5":1,"6":1,"7":1},"f":{},"b":{},"_coverageSchema":"1a1c01bbd47fc00a2c39e90264f33305004495a9","hash":"6a56413f4e6871d6129a322877b57861e1eb8444"}
,"C:\\Users\\falca\\OneDrive\\Área de Trabalho\\C-A\\back-end\\routes\\view_routes.js": {"path":"C:\\Users\\falca\\OneDrive\\Área de Trabalho\\C-A\\back-end\\routes\\view_routes.js","statementMap":{"0":{"start":{"line":1,"column":16},"end":{"line":1,"column":34}},"1":{"start":{"line":2,"column":13},"end":{"line":2,"column":28}},"2":{"start":{"line":3,"column":15},"end":{"line":3,"column":31}},"3":{"start":{"line":6,"column":0},"end":{"line":8,"column":3}},"4":{"start":{"line":7,"column":4},"end":{"line":7,"column":87}},"5":{"start":{"line":10,"column":0},"end":{"line":12,"column":3}},"6":{"start":{"line":11,"column":4},"end":{"line":11,"column":85}},"7":{"start":{"line":14,"column":0},"end":{"line":16,"column":3}},"8":{"start":{"line":15,"column":4},"end":{"line":15,"column":84}},"9":{"start":{"line":18,"column":0},"end":{"line":20,"column":3}},"10":{"start":{"line":19,"column":4},"end":{"line":19,"column":90}},"11":{"start":{"line":22,"column":0},"end":{"line":24,"column":3}},"12":{"start":{"line":23,"column":4},"end":{"line":23,"column":84}},"13":{"start":{"line":26,"column":0},"end":{"line":28,"column":3}},"14":{"start":{"line":27,"column":4},"end":{"line":27,"column":84}},"15":{"start":{"line":30,"column":0},"end":{"line":32,"column":3}},"16":{"start":{"line":31,"column":4},"end":{"line":31,"column":88}},"17":{"start":{"line":35,"column":0},"end":{"line":35,"column":24}}},"fnMap":{"0":{"name":"(anonymous_0)","decl":{"start":{"line":6,"column":24},"end":{"line":6,"column":25}},"loc":{"start":{"line":6,"column":38},"end":{"line":8,"column":1}},"line":6},"1":{"name":"(anonymous_1)","decl":{"start":{"line":10,"column":22},"end":{"line":10,"column":23}},"loc":{"start":{"line":10,"column":36},"end":{"line":12,"column":1}},"line":10},"2":{"name":"(anonymous_2)","decl":{"start":{"line":14,"column":21},"end":{"line":14,"column":22}},"loc":{"start":{"line":14,"column":35},"end":{"line":16,"column":1}},"line":14},"3":{"name":"(anonymous_3)","decl":{"start":{"line":18,"column":27},"end":{"line":18,"column":28}},"loc":{"start":{"line":18,"column":41},"end":{"line":20,"column":1}},"line":18},"4":{"name":"(anonymous_4)","decl":{"start":{"line":22,"column":21},"end":{"line":22,"column":22}},"loc":{"start":{"line":22,"column":35},"end":{"line":24,"column":1}},"line":22},"5":{"name":"(anonymous_5)","decl":{"start":{"line":26,"column":21},"end":{"line":26,"column":22}},"loc":{"start":{"line":26,"column":35},"end":{"line":28,"column":1}},"line":26},"6":{"name":"(anonymous_6)","decl":{"start":{"line":30,"column":25},"end":{"line":30,"column":26}},"loc":{"start":{"line":30,"column":39},"end":{"line":32,"column":1}},"line":30}},"branchMap":{},"s":{"0":1,"1":1,"2":1,"3":1,"4":1,"5":1,"6":1,"7":1,"8":1,"9":1,"10":1,"11":1,"12":1,"13":1,"14":1,"15":1,"16":1,"17":1},"f":{"0":1,"1":1,"2":1,"3":1,"4":1,"5":1,"6":1},"b":{},"_coverageSchema":"1a1c01bbd47fc00a2c39e90264f33305004495a9","hash":"502a8c5830d8e934c4e759914c5788edb9aace11"}
,"C:\\Users\\falca\\OneDrive\\Área de Trabalho\\C-A\\back-end\\utils\\gerar_codigo.js": {"path":"C:\\Users\\falca\\OneDrive\\Área de Trabalho\\C-A\\back-end\\utils\\gerar_codigo.js","statementMap":{"0":{"start":{"line":2,"column":17},"end":{"line":2,"column":19}},"1":{"start":{"line":3,"column":23},"end":{"line":3,"column":87}},"2":{"start":{"line":4,"column":4},"end":{"line":6,"column":5}},"3":{"start":{"line":4,"column":17},"end":{"line":4,"column":18}},"4":{"start":{"line":5,"column":6},"end":{"line":5,"column":81}},"5":{"start":{"line":7,"column":4},"end":{"line":7,"column":18}},"6":{"start":{"line":10,"column":0},"end":{"line":10,"column":28}}},"fnMap":{"0":{"name":"gerarCodigo","decl":{"start":{"line":1,"column":9},"end":{"line":1,"column":20}},"loc":{"start":{"line":1,"column":30},"end":{"line":8,"column":3}},"line":1}},"branchMap":{},"s":{"0":7,"1":7,"2":7,"3":7,"4":83,"5":7,"6":2},"f":{"0":7},"b":{},"_coverageSchema":"1a1c01bbd47fc00a2c39e90264f33305004495a9","hash":"6eff6e07d638315629ec5b03782830405a0c5f2f"}
}
