TN:
SF:config\nodemailer_config.js
FNF:0
FNH:0
DA:1,1
DA:3,1
DA:11,1
LF:3
LH:3
BRF:0
BRH:0
end_of_record
TN:
SF:controllers\autenticacao_controle.js
FN:4,verificarLogin
FN:44,buscarFasesUsuario
FN:72,obterInformacoesUsuario
FNF:3
FNH:3
FNDA:8,verificarLogin
FNDA:5,buscarFasesUsuario
FNDA:4,obterInformacoesUsuario
DA:1,2
DA:5,8
DA:7,8
DA:8,2
DA:11,6
DA:12,6
DA:14,6
DA:20,6
DA:25,4
DA:26,2
DA:29,2
DA:32,2
DA:34,2
DA:36,2
DA:39,2
DA:45,5
DA:47,5
DA:59,5
DA:63,4
DA:65,1
DA:66,1
DA:73,4
DA:75,4
DA:76,1
DA:79,3
DA:80,3
DA:86,3
DA:90,2
DA:91,1
DA:94,1
DA:97,1
DA:99,1
DA:102,1
DA:103,1
DA:107,2
LF:35
LH:35
BRDA:7,0,0,2
BRDA:7,0,1,6
BRDA:7,1,0,8
BRDA:7,1,1,7
BRDA:25,2,0,2
BRDA:25,2,1,2
BRDA:75,3,0,1
BRDA:75,3,1,3
BRDA:90,4,0,1
BRDA:90,4,1,1
BRF:10
BRH:10
end_of_record
TN:
SF:controllers\completar_fase.js
FN:4,completarFase
FNF:1
FNH:1
FNDA:10,completarFase
DA:1,2
DA:5,10
DA:7,10
DA:9,10
DA:10,2
DA:14,8
DA:15,8
DA:16,8
DA:19,8
DA:24,6
DA:25,6
DA:26,2
DA:30,4
DA:31,2
DA:35,2
DA:39,2
DA:42,2
DA:43,2
DA:47,2
LF:19
LH:19
BRDA:9,0,0,2
BRDA:9,0,1,8
BRDA:9,1,0,10
BRDA:9,1,1,9
BRDA:24,2,0,4
BRDA:24,2,1,2
BRDA:25,3,0,2
BRDA:25,3,1,4
BRDA:30,4,0,2
BRDA:30,4,1,2
BRF:10
BRH:10
end_of_record
TN:
SF:controllers\email_controle.js
FN:6,enviarEmail
FN:45,verificarCodigo
FN:55,setCodigoArmazenado
FNF:3
FNH:3
FNDA:6,enviarEmail
FNDA:4,verificarCodigo
FNDA:9,setCodigoArmazenado
DA:1,2
DA:2,2
DA:4,2
DA:7,6
DA:8,6
DA:10,6
DA:12,6
DA:13,6
DA:17,6
DA:18,2
DA:21,4
DA:38,2
DA:39,2
DA:41,2
DA:46,4
DA:48,4
DA:49,2
DA:51,2
DA:56,9
DA:59,2
LF:20
LH:20
BRDA:17,0,0,2
BRDA:17,0,1,4
BRDA:48,1,0,2
BRDA:48,1,1,2
BRF:4
BRH:4
end_of_record
TN:
SF:controllers\user_controle.js
FN:3,cadastrarUsuario
FN:35,atualizarUsuario
FN:72,excluirUsuario
FN:91,verificarSenha
FNF:4
FNH:4
FNDA:6,cadastrarUsuario
FNDA:6,atualizarUsuario
FNDA:4,excluirUsuario
FNDA:6,verificarSenha
DA:1,2
DA:4,6
DA:6,6
DA:7,6
DA:8,6
DA:12,4
DA:13,2
DA:16,2
DA:18,2
DA:23,2
DA:29,2
DA:31,2
DA:36,6
DA:38,6
DA:39,6
DA:40,6
DA:44,4
DA:45,2
DA:48,2
DA:50,2
DA:58,2
DA:65,2
DA:67,2
DA:73,4
DA:75,4
DA:76,4
DA:81,4
DA:84,2
DA:86,2
DA:92,6
DA:94,6
DA:95,6
DA:97,6
DA:98,6
DA:102,4
DA:103,4
DA:104,2
DA:106,2
DA:109,2
DA:113,2
LF:40
LH:40
BRDA:12,0,0,2
BRDA:12,0,1,2
BRDA:44,1,0,2
BRDA:44,1,1,2
BRDA:103,2,0,2
BRDA:103,2,1,2
BRF:6
BRH:6
end_of_record
TN:
SF:db\database.js
FN:18,connectDatabase
FNF:1
FNH:1
FNDA:2,connectDatabase
DA:1,3
DA:3,3
DA:19,2
DA:20,2
DA:21,1
DA:23,1
DA:24,1
DA:28,3
LF:8
LH:8
BRF:0
BRH:0
end_of_record
TN:
SF:routes\email_rota.js
FNF:0
FNH:0
DA:1,1
DA:2,1
DA:3,1
DA:5,1
DA:6,1
DA:8,1
LF:6
LH:6
BRF:0
BRH:0
end_of_record
TN:
SF:routes\user_rota.js
FNF:0
FNH:0
DA:1,1
DA:2,1
DA:3,1
DA:5,1
DA:6,1
DA:7,1
DA:8,1
DA:10,1
LF:8
LH:8
BRF:0
BRH:0
end_of_record
TN:
SF:routes\view_routes.js
FN:6,(anonymous_0)
FN:10,(anonymous_1)
FN:14,(anonymous_2)
FN:18,(anonymous_3)
FN:22,(anonymous_4)
FN:26,(anonymous_5)
FN:30,(anonymous_6)
FNF:7
FNH:7
FNDA:1,(anonymous_0)
FNDA:1,(anonymous_1)
FNDA:1,(anonymous_2)
FNDA:1,(anonymous_3)
FNDA:1,(anonymous_4)
FNDA:1,(anonymous_5)
FNDA:1,(anonymous_6)
DA:1,1
DA:2,1
DA:3,1
DA:6,1
DA:7,1
DA:10,1
DA:11,1
DA:14,1
DA:15,1
DA:18,1
DA:19,1
DA:22,1
DA:23,1
DA:26,1
DA:27,1
DA:30,1
DA:31,1
DA:35,1
LF:18
LH:18
BRF:0
BRH:0
end_of_record
TN:
SF:utils\gerar_codigo.js
FN:1,gerarCodigo
FNF:1
FNH:1
FNDA:7,gerarCodigo
DA:2,7
DA:3,7
DA:4,7
DA:5,83
DA:7,7
DA:10,2
LF:6
LH:6
BRF:0
BRH:0
end_of_record
